<?xml version="1.0" encoding="UTF-8"?>
<!-- Generated by org.testng.reporters.JUnitReportReporter -->
<testsuite skipped="0" hostname="Ragini" name="CukeRunner" tests="1" failures="0" timestamp="22 May 2018 10:57:10 GMT" time="0.443" errors="0">
  <testcase name="feature" time="0.443" classname="CukeRunner"/>
</testsuite> <!-- CukeRunner -->
